2023-12-20 22:12:117 INFO  HomePage :50 - acceptCookies [[ChromeDriver: chrome on windows (e355bcbfdaf65f8bd858c88ed431af29)] -> xpath: //button[@id='save']/span/div/span]
2023-12-20 22:12:529 INFO  HomePage :55 - enterJobTitle [[ChromeDriver: chrome on windows (e355bcbfdaf65f8bd858c88ed431af29)] -> id: keywords]
2023-12-20 22:12:725 INFO  HomePage :59 - enterJobLocation [[ChromeDriver: chrome on windows (e355bcbfdaf65f8bd858c88ed431af29)] -> id: location]
2023-12-20 22:12:835 INFO  HomePage :64 - enterJobDistance [[ChromeDriver: chrome on windows (e355bcbfdaf65f8bd858c88ed431af29)] -> id: distance]
2023-12-20 22:12:27 INFO  HomePage :69 - clickOnMoreOptionsLink [[ChromeDriver: chrome on windows (e355bcbfdaf65f8bd858c88ed431af29)] -> id: toggle-hp-search]
2023-12-20 22:12:182 INFO  HomePage :73 - enterSalaryMin [[ChromeDriver: chrome on windows (e355bcbfdaf65f8bd858c88ed431af29)] -> id: salarymin]
2023-12-20 22:12:465 INFO  HomePage :77 - enterSalaryMax [[ChromeDriver: chrome on windows (e355bcbfdaf65f8bd858c88ed431af29)] -> id: salarymax]
2023-12-20 22:12:564 INFO  HomePage :81 - enterSalaryType [[ChromeDriver: chrome on windows (e355bcbfdaf65f8bd858c88ed431af29)] -> id: salarytype]
2023-12-20 22:12:685 INFO  HomePage :85 - enterJobType [[ChromeDriver: chrome on windows (e355bcbfdaf65f8bd858c88ed431af29)] -> id: tempperm]
2023-12-20 22:12:790 INFO  HomePage :89 - clickOnFindJobsButton [[ChromeDriver: chrome on windows (e355bcbfdaf65f8bd858c88ed431af29)] -> id: hp-search-btn]
2023-12-20 22:12:954 INFO  HomePage :50 - acceptCookies [[ChromeDriver: chrome on windows (9e6e5a3b6e3988692ec3a52cbbe93ae9)] -> xpath: //button[@id='save']/span/div/span]
2023-12-20 22:12:414 INFO  HomePage :55 - enterJobTitle [[ChromeDriver: chrome on windows (9e6e5a3b6e3988692ec3a52cbbe93ae9)] -> id: keywords]
2023-12-20 22:12:548 INFO  HomePage :59 - enterJobLocation [[ChromeDriver: chrome on windows (9e6e5a3b6e3988692ec3a52cbbe93ae9)] -> id: location]
2023-12-20 22:12:644 INFO  HomePage :64 - enterJobDistance [[ChromeDriver: chrome on windows (9e6e5a3b6e3988692ec3a52cbbe93ae9)] -> id: distance]
2023-12-20 22:12:792 INFO  HomePage :69 - clickOnMoreOptionsLink [[ChromeDriver: chrome on windows (9e6e5a3b6e3988692ec3a52cbbe93ae9)] -> id: toggle-hp-search]
2023-12-20 22:12:144 INFO  HomePage :73 - enterSalaryMin [[ChromeDriver: chrome on windows (9e6e5a3b6e3988692ec3a52cbbe93ae9)] -> id: salarymin]
2023-12-20 22:12:229 INFO  HomePage :77 - enterSalaryMax [[ChromeDriver: chrome on windows (9e6e5a3b6e3988692ec3a52cbbe93ae9)] -> id: salarymax]
2023-12-20 22:12:311 INFO  HomePage :81 - enterSalaryType [[ChromeDriver: chrome on windows (9e6e5a3b6e3988692ec3a52cbbe93ae9)] -> id: salarytype]
2023-12-20 22:12:445 INFO  HomePage :85 - enterJobType [[ChromeDriver: chrome on windows (9e6e5a3b6e3988692ec3a52cbbe93ae9)] -> id: tempperm]
2023-12-20 22:12:557 INFO  HomePage :89 - clickOnFindJobsButton [[ChromeDriver: chrome on windows (9e6e5a3b6e3988692ec3a52cbbe93ae9)] -> id: hp-search-btn]
2023-12-20 22:12:537 INFO  HomePage :50 - acceptCookies [[ChromeDriver: chrome on windows (0fd6b97fcac7042f885762296bcaf6b9)] -> xpath: //button[@id='save']/span/div/span]
2023-12-20 22:12:929 INFO  HomePage :55 - enterJobTitle [[ChromeDriver: chrome on windows (0fd6b97fcac7042f885762296bcaf6b9)] -> id: keywords]
2023-12-20 22:12:54 INFO  HomePage :59 - enterJobLocation [[ChromeDriver: chrome on windows (0fd6b97fcac7042f885762296bcaf6b9)] -> id: location]
2023-12-20 22:12:159 INFO  HomePage :64 - enterJobDistance [[ChromeDriver: chrome on windows (0fd6b97fcac7042f885762296bcaf6b9)] -> id: distance]
2023-12-20 22:12:315 INFO  HomePage :69 - clickOnMoreOptionsLink [[ChromeDriver: chrome on windows (0fd6b97fcac7042f885762296bcaf6b9)] -> id: toggle-hp-search]
2023-12-20 22:12:503 INFO  HomePage :73 - enterSalaryMin [[ChromeDriver: chrome on windows (0fd6b97fcac7042f885762296bcaf6b9)] -> id: salarymin]
2023-12-20 22:12:731 INFO  HomePage :77 - enterSalaryMax [[ChromeDriver: chrome on windows (0fd6b97fcac7042f885762296bcaf6b9)] -> id: salarymax]
2023-12-20 22:12:824 INFO  HomePage :81 - enterSalaryType [[ChromeDriver: chrome on windows (0fd6b97fcac7042f885762296bcaf6b9)] -> id: salarytype]
2023-12-20 22:12:962 INFO  HomePage :85 - enterJobType [[ChromeDriver: chrome on windows (0fd6b97fcac7042f885762296bcaf6b9)] -> id: tempperm]
2023-12-20 22:12:61 INFO  HomePage :89 - clickOnFindJobsButton [[ChromeDriver: chrome on windows (0fd6b97fcac7042f885762296bcaf6b9)] -> id: hp-search-btn]
2023-12-22 19:12:397 INFO  HomePage :50 - acceptCookies [[ChromeDriver: chrome on windows (673e57534d84889144b7adc124630511)] -> xpath: //button[@id='save']/span/div/span]
2023-12-22 19:12:310 INFO  HomePage :55 - enterJobTitle [[ChromeDriver: chrome on windows (673e57534d84889144b7adc124630511)] -> id: keywords]
2023-12-22 19:12:596 INFO  HomePage :59 - enterJobLocation [[ChromeDriver: chrome on windows (673e57534d84889144b7adc124630511)] -> id: location]
2023-12-22 19:12:787 INFO  HomePage :64 - enterJobDistance [[ChromeDriver: chrome on windows (673e57534d84889144b7adc124630511)] -> id: distance]
2023-12-22 19:12:131 INFO  HomePage :69 - clickOnMoreOptionsLink [[ChromeDriver: chrome on windows (673e57534d84889144b7adc124630511)] -> id: toggle-hp-search]
2023-12-22 19:12:821 INFO  HomePage :73 - enterSalaryMin [[ChromeDriver: chrome on windows (673e57534d84889144b7adc124630511)] -> id: salarymin]
2023-12-22 19:12:38 INFO  HomePage :77 - enterSalaryMax [[ChromeDriver: chrome on windows (673e57534d84889144b7adc124630511)] -> id: salarymax]
2023-12-22 19:12:358 INFO  HomePage :81 - enterSalaryType [[ChromeDriver: chrome on windows (673e57534d84889144b7adc124630511)] -> id: salarytype]
2023-12-22 19:12:545 INFO  HomePage :85 - enterJobType [[ChromeDriver: chrome on windows (673e57534d84889144b7adc124630511)] -> id: tempperm]
2023-12-22 19:12:780 INFO  HomePage :89 - clickOnFindJobsButton [[ChromeDriver: chrome on windows (673e57534d84889144b7adc124630511)] -> id: hp-search-btn]
2023-12-22 19:12:698 INFO  HomePage :50 - acceptCookies [[ChromeDriver: chrome on windows (36ebaf642d2d634a071fe0ff789a9ff7)] -> xpath: //button[@id='save']/span/div/span]
2023-12-22 19:12:636 INFO  HomePage :55 - enterJobTitle [[ChromeDriver: chrome on windows (36ebaf642d2d634a071fe0ff789a9ff7)] -> id: keywords]
2023-12-22 19:12:868 INFO  HomePage :59 - enterJobLocation [[ChromeDriver: chrome on windows (36ebaf642d2d634a071fe0ff789a9ff7)] -> id: location]
2023-12-22 19:12:121 INFO  HomePage :64 - enterJobDistance [[ChromeDriver: chrome on windows (36ebaf642d2d634a071fe0ff789a9ff7)] -> id: distance]
2023-12-22 19:12:407 INFO  HomePage :69 - clickOnMoreOptionsLink [[ChromeDriver: chrome on windows (36ebaf642d2d634a071fe0ff789a9ff7)] -> id: toggle-hp-search]
2023-12-22 19:12:769 INFO  HomePage :73 - enterSalaryMin [[ChromeDriver: chrome on windows (36ebaf642d2d634a071fe0ff789a9ff7)] -> id: salarymin]
2023-12-22 19:12:285 INFO  HomePage :77 - enterSalaryMax [[ChromeDriver: chrome on windows (36ebaf642d2d634a071fe0ff789a9ff7)] -> id: salarymax]
2023-12-22 19:12:452 INFO  HomePage :81 - enterSalaryType [[ChromeDriver: chrome on windows (36ebaf642d2d634a071fe0ff789a9ff7)] -> id: salarytype]
2023-12-22 19:12:631 INFO  HomePage :85 - enterJobType [[ChromeDriver: chrome on windows (36ebaf642d2d634a071fe0ff789a9ff7)] -> id: tempperm]
2023-12-22 19:12:798 INFO  HomePage :89 - clickOnFindJobsButton [[ChromeDriver: chrome on windows (36ebaf642d2d634a071fe0ff789a9ff7)] -> id: hp-search-btn]
